06-27 13:15:20 - INFO - MainThread - pyneal: Setting: analysisChoice: /Users/jeff/gDrive/jeffCloud/real-time/b2b/pynealAnalysis/pilot2/pyneal_b2b_customAnalysis.py
06-27 13:15:20 - INFO - MainThread - pyneal: Setting: dashboardClientPort: 5558
06-27 13:15:20 - INFO - MainThread - pyneal: Setting: dashboardPort: 5557
06-27 13:15:20 - INFO - MainThread - pyneal: Setting: launchDashboard: True
06-27 13:15:20 - INFO - MainThread - pyneal: Setting: maskFile: /Users/jeff/gDrive/jeffCloud/real-time/b2b/pynealAnalysis/pilot2/firstLevel+.feat/mask.nii.gz
06-27 13:15:20 - INFO - MainThread - pyneal: Setting: maskIsWeighted: False
06-27 13:15:20 - INFO - MainThread - pyneal: Setting: numTimepts: 68
06-27 13:15:20 - INFO - MainThread - pyneal: Setting: outputPath: /Users/jeff/Desktop/development/pynealOutput
06-27 13:15:20 - INFO - MainThread - pyneal: Setting: pynealHost: 127.0.0.1
06-27 13:15:20 - INFO - MainThread - pyneal: Setting: pynealScannerPort: 5555
06-27 13:15:20 - INFO - MainThread - pyneal: Setting: resultsServerPort: 5556
06-27 13:15:20 - INFO - MainThread - pyneal: Setting: seriesOutputDir: /Users/jeff/Desktop/development/pynealOutput/pyneal_021
06-27 13:15:20 - DEBUG - MainThread - scanReceiver: scanReceiver server bound to 127.0.0.1:5555
06-27 13:15:20 - INFO - MainThread - scanReceiver: ScanReceiver Server alive and listening....
06-27 13:15:20 - DEBUG - MainThread - pyneal: Starting Scan Receiver
06-27 13:15:20 - DEBUG - MainThread - resultsServer: Results Server bound to 127.0.0.1:5556
06-27 13:15:20 - INFO - MainThread - resultsServer: Results Server alive and listening....
06-27 13:15:20 - DEBUG - MainThread - pyneal: Starting Results Server
06-27 13:15:20 - INFO - MainThread - pyneal_b2b_customAnalysis: Analysis script waiting to connect to remote TMS server at 10.19.15.206:6666
06-27 13:15:20 - INFO - MainThread - pyneal_b2b_customAnalysis: Analysis script connected to remote TMS server
06-27 13:15:29 - DEBUG - Thread-1 - scanReceiver: Scanner socket connected to Pyneal-Scanner
06-27 13:17:06 - DEBUG - Thread-1 - scanReceiver: Image Matrix dims: (64, 64, 30, 68)
06-27 13:17:06 - INFO - Thread-1 - scanReceiver: Received vol 0
06-27 13:17:06 - DEBUG - MainThread - pyneal: Scan started
06-27 13:17:06 - DEBUG - MainThread - pynealPreprocessing: preprocessed vol: 0
06-27 13:17:06 - INFO - MainThread - pyneal_b2b_customAnalysis: volIdx 0 - motorProb: 0.4520459622267607
06-27 13:17:06 - INFO - MainThread - pynealAnalysis: analyzed vol: 0
06-27 13:17:06 - DEBUG - MainThread - resultsServer: vol 0 - {'predictedClass': 'Rest', 'motorProb': 0.45204596222676069} added to resultsServer
06-27 13:17:06 - INFO - Thread-1 - scanReceiver: Received vol 1
06-27 13:17:06 - DEBUG - MainThread - pynealPreprocessing: preprocessed vol: 1
06-27 13:17:06 - INFO - MainThread - pyneal_b2b_customAnalysis: volIdx 1 - motorProb: 0.6867502242933746
06-27 13:17:06 - INFO - MainThread - pyneal_b2b_customAnalysis: trigger sent to TMS server - volIdx: 1
06-27 13:17:06 - INFO - MainThread - pyneal_b2b_customAnalysis: received TMS server response: got it
06-27 13:17:06 - INFO - MainThread - pynealAnalysis: analyzed vol: 1
06-27 13:17:06 - DEBUG - MainThread - resultsServer: vol 1 - {'predictedClass': 'Active', 'motorProb': 0.68675022429337462} added to resultsServer
06-27 13:17:08 - INFO - Thread-1 - scanReceiver: Received vol 2
06-27 13:17:08 - DEBUG - MainThread - pynealPreprocessing: preprocessed vol: 2
06-27 13:17:08 - INFO - MainThread - pyneal_b2b_customAnalysis: volIdx 2 - motorProb: 0.41056557933223736
06-27 13:17:08 - INFO - MainThread - pynealAnalysis: analyzed vol: 2
06-27 13:17:08 - DEBUG - MainThread - resultsServer: vol 2 - {'predictedClass': 'Rest', 'motorProb': 0.41056557933223736} added to resultsServer
06-27 13:17:10 - INFO - Thread-1 - scanReceiver: Received vol 3
06-27 13:17:10 - DEBUG - MainThread - pynealPreprocessing: preprocessed vol: 3
06-27 13:17:10 - INFO - MainThread - pyneal_b2b_customAnalysis: volIdx 3 - motorProb: 0.27380831879616024
06-27 13:17:10 - INFO - MainThread - pynealAnalysis: analyzed vol: 3
06-27 13:17:10 - DEBUG - MainThread - resultsServer: vol 3 - {'predictedClass': 'Rest', 'motorProb': 0.27380831879616024} added to resultsServer
06-27 13:17:12 - INFO - Thread-1 - scanReceiver: Received vol 4
06-27 13:17:12 - DEBUG - MainThread - pynealPreprocessing: preprocessed vol: 4
06-27 13:17:12 - INFO - MainThread - pyneal_b2b_customAnalysis: volIdx 4 - motorProb: 0.06404990840620597
06-27 13:17:12 - INFO - MainThread - pynealAnalysis: analyzed vol: 4
06-27 13:17:12 - DEBUG - MainThread - resultsServer: vol 4 - {'predictedClass': 'Rest', 'motorProb': 0.064049908406205974} added to resultsServer
06-27 13:17:14 - INFO - Thread-1 - scanReceiver: Received vol 5
06-27 13:17:15 - DEBUG - MainThread - pynealPreprocessing: preprocessed vol: 5
06-27 13:17:15 - INFO - MainThread - pyneal_b2b_customAnalysis: volIdx 5 - motorProb: 0.29210421579753054
06-27 13:17:15 - INFO - MainThread - pynealAnalysis: analyzed vol: 5
06-27 13:17:15 - DEBUG - MainThread - resultsServer: vol 5 - {'predictedClass': 'Rest', 'motorProb': 0.29210421579753054} added to resultsServer
06-27 13:17:16 - INFO - Thread-1 - scanReceiver: Received vol 6
06-27 13:17:17 - DEBUG - MainThread - pynealPreprocessing: preprocessed vol: 6
06-27 13:17:17 - INFO - MainThread - pyneal_b2b_customAnalysis: volIdx 6 - motorProb: 0.10719846946803813
06-27 13:17:17 - INFO - MainThread - pynealAnalysis: analyzed vol: 6
06-27 13:17:17 - DEBUG - MainThread - resultsServer: vol 6 - {'predictedClass': 'Rest', 'motorProb': 0.10719846946803813} added to resultsServer
06-27 13:17:18 - INFO - Thread-1 - scanReceiver: Received vol 7
06-27 13:17:19 - DEBUG - MainThread - pynealPreprocessing: preprocessed vol: 7
06-27 13:17:19 - INFO - MainThread - pyneal_b2b_customAnalysis: volIdx 7 - motorProb: 0.046218720970440025
06-27 13:17:19 - INFO - MainThread - pynealAnalysis: analyzed vol: 7
06-27 13:17:19 - DEBUG - MainThread - resultsServer: vol 7 - {'predictedClass': 'Rest', 'motorProb': 0.046218720970440025} added to resultsServer
06-27 13:17:20 - INFO - Thread-1 - scanReceiver: Received vol 8
06-27 13:17:21 - DEBUG - MainThread - pynealPreprocessing: preprocessed vol: 8
06-27 13:17:21 - INFO - MainThread - pyneal_b2b_customAnalysis: volIdx 8 - motorProb: 0.03676111815138175
06-27 13:17:21 - INFO - MainThread - pynealAnalysis: analyzed vol: 8
06-27 13:17:21 - DEBUG - MainThread - resultsServer: vol 8 - {'predictedClass': 'Rest', 'motorProb': 0.03676111815138175} added to resultsServer
06-27 13:17:22 - INFO - Thread-1 - scanReceiver: Received vol 9
06-27 13:17:23 - DEBUG - MainThread - pynealPreprocessing: preprocessed vol: 9
06-27 13:17:23 - INFO - MainThread - pyneal_b2b_customAnalysis: volIdx 9 - motorProb: 0.04960340515950495
06-27 13:17:23 - INFO - MainThread - pynealAnalysis: analyzed vol: 9
06-27 13:17:23 - DEBUG - MainThread - resultsServer: vol 9 - {'predictedClass': 'Rest', 'motorProb': 0.049603405159504947} added to resultsServer
06-27 13:17:24 - INFO - Thread-1 - scanReceiver: Received vol 10
06-27 13:17:25 - DEBUG - MainThread - pynealPreprocessing: preprocessed vol: 10
06-27 13:17:25 - INFO - MainThread - pyneal_b2b_customAnalysis: volIdx 10 - motorProb: 0.6398082683940546
06-27 13:17:25 - INFO - MainThread - pyneal_b2b_customAnalysis: trigger sent to TMS server - volIdx: 10
06-27 13:17:25 - INFO - MainThread - pyneal_b2b_customAnalysis: received TMS server response: got it
06-27 13:17:25 - INFO - MainThread - pynealAnalysis: analyzed vol: 10
06-27 13:17:25 - DEBUG - MainThread - resultsServer: vol 10 - {'predictedClass': 'Active', 'motorProb': 0.63980826839405458} added to resultsServer
06-27 13:17:26 - INFO - Thread-1 - scanReceiver: Received vol 11
06-27 13:17:27 - DEBUG - MainThread - pynealPreprocessing: preprocessed vol: 11
06-27 13:17:27 - INFO - MainThread - pyneal_b2b_customAnalysis: volIdx 11 - motorProb: 0.921729951178786
06-27 13:17:27 - INFO - MainThread - pyneal_b2b_customAnalysis: trigger sent to TMS server - volIdx: 11
06-27 13:17:27 - INFO - MainThread - pyneal_b2b_customAnalysis: received TMS server response: got it
06-27 13:17:27 - INFO - MainThread - pynealAnalysis: analyzed vol: 11
06-27 13:17:27 - DEBUG - MainThread - resultsServer: vol 11 - {'predictedClass': 'Active', 'motorProb': 0.92172995117878598} added to resultsServer
06-27 13:17:28 - INFO - Thread-1 - scanReceiver: Received vol 12
06-27 13:17:29 - DEBUG - MainThread - pynealPreprocessing: preprocessed vol: 12
06-27 13:17:29 - INFO - MainThread - pyneal_b2b_customAnalysis: volIdx 12 - motorProb: 0.9891094756303089
06-27 13:17:29 - INFO - MainThread - pyneal_b2b_customAnalysis: trigger sent to TMS server - volIdx: 12
06-27 13:17:29 - INFO - MainThread - pyneal_b2b_customAnalysis: received TMS server response: got it
06-27 13:17:29 - INFO - MainThread - pynealAnalysis: analyzed vol: 12
06-27 13:17:29 - DEBUG - MainThread - resultsServer: vol 12 - {'predictedClass': 'Active', 'motorProb': 0.98910947563030893} added to resultsServer
06-27 13:17:30 - INFO - Thread-1 - scanReceiver: Received vol 13
06-27 13:17:31 - DEBUG - MainThread - pynealPreprocessing: preprocessed vol: 13
06-27 13:17:31 - INFO - MainThread - pyneal_b2b_customAnalysis: volIdx 13 - motorProb: 0.9733941967031594
06-27 13:17:31 - INFO - MainThread - pyneal_b2b_customAnalysis: trigger sent to TMS server - volIdx: 13
06-27 13:17:31 - INFO - MainThread - pyneal_b2b_customAnalysis: received TMS server response: got it
06-27 13:17:31 - INFO - MainThread - pynealAnalysis: analyzed vol: 13
06-27 13:17:31 - DEBUG - MainThread - resultsServer: vol 13 - {'predictedClass': 'Active', 'motorProb': 0.97339419670315941} added to resultsServer
06-27 13:17:32 - INFO - Thread-1 - scanReceiver: Received vol 14
06-27 13:17:33 - DEBUG - MainThread - pynealPreprocessing: preprocessed vol: 14
06-27 13:17:33 - INFO - MainThread - pyneal_b2b_customAnalysis: volIdx 14 - motorProb: 0.9554074875302284
06-27 13:17:33 - INFO - MainThread - pyneal_b2b_customAnalysis: trigger sent to TMS server - volIdx: 14
06-27 13:17:33 - INFO - MainThread - pyneal_b2b_customAnalysis: received TMS server response: got it
06-27 13:17:33 - INFO - MainThread - pynealAnalysis: analyzed vol: 14
06-27 13:17:33 - DEBUG - MainThread - resultsServer: vol 14 - {'predictedClass': 'Active', 'motorProb': 0.95540748753022842} added to resultsServer
06-27 13:17:34 - INFO - Thread-1 - scanReceiver: Received vol 15
06-27 13:17:35 - DEBUG - MainThread - pynealPreprocessing: preprocessed vol: 15
06-27 13:17:35 - INFO - MainThread - pyneal_b2b_customAnalysis: volIdx 15 - motorProb: 0.9711575971720096
06-27 13:17:35 - INFO - MainThread - pyneal_b2b_customAnalysis: trigger sent to TMS server - volIdx: 15
06-27 13:17:35 - INFO - MainThread - pyneal_b2b_customAnalysis: received TMS server response: got it
06-27 13:17:35 - INFO - MainThread - pynealAnalysis: analyzed vol: 15
06-27 13:17:35 - DEBUG - MainThread - resultsServer: vol 15 - {'predictedClass': 'Active', 'motorProb': 0.97115759717200956} added to resultsServer
06-27 13:17:36 - INFO - Thread-1 - scanReceiver: Received vol 16
06-27 13:17:37 - DEBUG - MainThread - pynealPreprocessing: preprocessed vol: 16
06-27 13:17:37 - INFO - MainThread - pyneal_b2b_customAnalysis: volIdx 16 - motorProb: 0.9751204825688979
06-27 13:17:37 - INFO - MainThread - pyneal_b2b_customAnalysis: trigger sent to TMS server - volIdx: 16
06-27 13:17:37 - INFO - MainThread - pyneal_b2b_customAnalysis: received TMS server response: got it
06-27 13:17:37 - INFO - MainThread - pynealAnalysis: analyzed vol: 16
06-27 13:17:37 - DEBUG - MainThread - resultsServer: vol 16 - {'predictedClass': 'Active', 'motorProb': 0.97512048256889794} added to resultsServer
06-27 13:17:38 - INFO - Thread-1 - scanReceiver: Received vol 17
06-27 13:17:39 - DEBUG - MainThread - pynealPreprocessing: preprocessed vol: 17
06-27 13:17:39 - INFO - MainThread - pyneal_b2b_customAnalysis: volIdx 17 - motorProb: 0.9784221710413024
06-27 13:17:39 - INFO - MainThread - pyneal_b2b_customAnalysis: trigger sent to TMS server - volIdx: 17
06-27 13:17:39 - INFO - MainThread - pyneal_b2b_customAnalysis: received TMS server response: got it
06-27 13:17:39 - INFO - MainThread - pynealAnalysis: analyzed vol: 17
06-27 13:17:39 - DEBUG - MainThread - resultsServer: vol 17 - {'predictedClass': 'Active', 'motorProb': 0.97842217104130236} added to resultsServer
06-27 13:17:40 - INFO - Thread-1 - scanReceiver: Received vol 18
06-27 13:17:41 - DEBUG - MainThread - pynealPreprocessing: preprocessed vol: 18
06-27 13:17:41 - INFO - MainThread - pyneal_b2b_customAnalysis: volIdx 18 - motorProb: 0.9327367854106626
06-27 13:17:41 - INFO - MainThread - pyneal_b2b_customAnalysis: trigger sent to TMS server - volIdx: 18
06-27 13:17:41 - INFO - MainThread - pyneal_b2b_customAnalysis: received TMS server response: got it
06-27 13:17:41 - INFO - MainThread - pynealAnalysis: analyzed vol: 18
06-27 13:17:41 - DEBUG - MainThread - resultsServer: vol 18 - {'predictedClass': 'Active', 'motorProb': 0.93273678541066263} added to resultsServer
06-27 13:17:42 - INFO - Thread-1 - scanReceiver: Received vol 19
06-27 13:17:43 - DEBUG - MainThread - pynealPreprocessing: preprocessed vol: 19
06-27 13:17:43 - INFO - MainThread - pyneal_b2b_customAnalysis: volIdx 19 - motorProb: 0.5250051609255973
06-27 13:17:43 - INFO - MainThread - pyneal_b2b_customAnalysis: trigger sent to TMS server - volIdx: 19
06-27 13:17:43 - INFO - MainThread - pyneal_b2b_customAnalysis: received TMS server response: got it
06-27 13:17:43 - INFO - MainThread - pynealAnalysis: analyzed vol: 19
06-27 13:17:43 - DEBUG - MainThread - resultsServer: vol 19 - {'predictedClass': 'Active', 'motorProb': 0.52500516092559735} added to resultsServer
06-27 13:17:45 - INFO - Thread-1 - scanReceiver: Received vol 20
06-27 13:17:45 - DEBUG - MainThread - pynealPreprocessing: preprocessed vol: 20
06-27 13:17:45 - INFO - MainThread - pyneal_b2b_customAnalysis: volIdx 20 - motorProb: 0.23461226376471753
06-27 13:17:45 - INFO - MainThread - pynealAnalysis: analyzed vol: 20
06-27 13:17:45 - DEBUG - MainThread - resultsServer: vol 20 - {'predictedClass': 'Rest', 'motorProb': 0.23461226376471753} added to resultsServer
06-27 13:17:46 - INFO - Thread-1 - scanReceiver: Received vol 21
06-27 13:17:47 - DEBUG - MainThread - pynealPreprocessing: preprocessed vol: 21
06-27 13:17:47 - INFO - MainThread - pyneal_b2b_customAnalysis: volIdx 21 - motorProb: 0.10678678431627145
06-27 13:17:47 - INFO - MainThread - pynealAnalysis: analyzed vol: 21
06-27 13:17:47 - DEBUG - MainThread - resultsServer: vol 21 - {'predictedClass': 'Rest', 'motorProb': 0.10678678431627145} added to resultsServer
06-27 13:17:48 - INFO - Thread-1 - scanReceiver: Received vol 22
06-27 13:17:49 - DEBUG - MainThread - pynealPreprocessing: preprocessed vol: 22
06-27 13:17:49 - INFO - MainThread - pyneal_b2b_customAnalysis: volIdx 22 - motorProb: 0.08300766560116754
06-27 13:17:49 - INFO - MainThread - pynealAnalysis: analyzed vol: 22
06-27 13:17:49 - DEBUG - MainThread - resultsServer: vol 22 - {'predictedClass': 'Rest', 'motorProb': 0.083007665601167541} added to resultsServer
06-27 13:17:50 - INFO - Thread-1 - scanReceiver: Received vol 23
06-27 13:17:51 - DEBUG - MainThread - pynealPreprocessing: preprocessed vol: 23
06-27 13:17:51 - INFO - MainThread - pyneal_b2b_customAnalysis: volIdx 23 - motorProb: 0.32065994385879276
06-27 13:17:51 - INFO - MainThread - pynealAnalysis: analyzed vol: 23
06-27 13:17:51 - DEBUG - MainThread - resultsServer: vol 23 - {'predictedClass': 'Rest', 'motorProb': 0.32065994385879276} added to resultsServer
06-27 13:17:52 - INFO - Thread-1 - scanReceiver: Received vol 24
06-27 13:17:53 - DEBUG - MainThread - pynealPreprocessing: preprocessed vol: 24
06-27 13:17:53 - INFO - MainThread - pyneal_b2b_customAnalysis: volIdx 24 - motorProb: 0.538173784185969
06-27 13:17:53 - INFO - MainThread - pyneal_b2b_customAnalysis: trigger sent to TMS server - volIdx: 24
06-27 13:17:53 - INFO - MainThread - pyneal_b2b_customAnalysis: received TMS server response: got it
06-27 13:17:53 - INFO - MainThread - pynealAnalysis: analyzed vol: 24
06-27 13:17:53 - DEBUG - MainThread - resultsServer: vol 24 - {'predictedClass': 'Active', 'motorProb': 0.53817378418596895} added to resultsServer
06-27 13:17:54 - INFO - Thread-1 - scanReceiver: Received vol 25
06-27 13:17:55 - DEBUG - MainThread - pynealPreprocessing: preprocessed vol: 25
06-27 13:17:55 - INFO - MainThread - pyneal_b2b_customAnalysis: volIdx 25 - motorProb: 0.7440949262415962
06-27 13:17:55 - INFO - MainThread - pyneal_b2b_customAnalysis: trigger sent to TMS server - volIdx: 25
06-27 13:17:55 - INFO - MainThread - pyneal_b2b_customAnalysis: received TMS server response: got it
06-27 13:17:55 - INFO - MainThread - pynealAnalysis: analyzed vol: 25
06-27 13:17:55 - DEBUG - MainThread - resultsServer: vol 25 - {'predictedClass': 'Active', 'motorProb': 0.74409492624159623} added to resultsServer
06-27 13:17:56 - INFO - Thread-1 - scanReceiver: Received vol 26
06-27 13:17:57 - DEBUG - MainThread - pynealPreprocessing: preprocessed vol: 26
06-27 13:17:57 - INFO - MainThread - pyneal_b2b_customAnalysis: volIdx 26 - motorProb: 0.9581350652227091
06-27 13:17:57 - INFO - MainThread - pyneal_b2b_customAnalysis: trigger sent to TMS server - volIdx: 26
06-27 13:17:57 - INFO - MainThread - pyneal_b2b_customAnalysis: received TMS server response: got it
06-27 13:17:57 - INFO - MainThread - pynealAnalysis: analyzed vol: 26
06-27 13:17:57 - DEBUG - MainThread - resultsServer: vol 26 - {'predictedClass': 'Active', 'motorProb': 0.95813506522270908} added to resultsServer
06-27 13:17:58 - INFO - Thread-1 - scanReceiver: Received vol 27
06-27 13:17:59 - DEBUG - MainThread - pynealPreprocessing: preprocessed vol: 27
06-27 13:17:59 - INFO - MainThread - pyneal_b2b_customAnalysis: volIdx 27 - motorProb: 0.986112442166904
06-27 13:17:59 - INFO - MainThread - pyneal_b2b_customAnalysis: trigger sent to TMS server - volIdx: 27
06-27 13:17:59 - INFO - MainThread - pyneal_b2b_customAnalysis: received TMS server response: got it
06-27 13:17:59 - INFO - MainThread - pynealAnalysis: analyzed vol: 27
06-27 13:17:59 - DEBUG - MainThread - resultsServer: vol 27 - {'predictedClass': 'Active', 'motorProb': 0.98611244216690397} added to resultsServer
06-27 13:18:00 - INFO - Thread-1 - scanReceiver: Received vol 28
06-27 13:18:01 - DEBUG - MainThread - pynealPreprocessing: preprocessed vol: 28
06-27 13:18:01 - INFO - MainThread - pyneal_b2b_customAnalysis: volIdx 28 - motorProb: 0.995300840156036
06-27 13:18:01 - INFO - MainThread - pyneal_b2b_customAnalysis: trigger sent to TMS server - volIdx: 28
06-27 13:18:01 - INFO - MainThread - pyneal_b2b_customAnalysis: received TMS server response: got it
06-27 13:18:01 - INFO - MainThread - pynealAnalysis: analyzed vol: 28
06-27 13:18:01 - DEBUG - MainThread - resultsServer: vol 28 - {'predictedClass': 'Active', 'motorProb': 0.99530084015603604} added to resultsServer
06-27 13:18:02 - INFO - Thread-1 - scanReceiver: Received vol 29
06-27 13:18:03 - DEBUG - MainThread - pynealPreprocessing: preprocessed vol: 29
06-27 13:18:03 - INFO - MainThread - pyneal_b2b_customAnalysis: volIdx 29 - motorProb: 0.9942709189992357
06-27 13:18:03 - INFO - MainThread - pyneal_b2b_customAnalysis: trigger sent to TMS server - volIdx: 29
06-27 13:18:03 - INFO - MainThread - pyneal_b2b_customAnalysis: received TMS server response: got it
06-27 13:18:03 - INFO - MainThread - pynealAnalysis: analyzed vol: 29
06-27 13:18:03 - DEBUG - MainThread - resultsServer: vol 29 - {'predictedClass': 'Active', 'motorProb': 0.9942709189992357} added to resultsServer
06-27 13:18:04 - INFO - Thread-1 - scanReceiver: Received vol 30
06-27 13:18:05 - DEBUG - MainThread - pynealPreprocessing: preprocessed vol: 30
06-27 13:18:05 - INFO - MainThread - pyneal_b2b_customAnalysis: volIdx 30 - motorProb: 0.9860115213064994
06-27 13:18:05 - INFO - MainThread - pyneal_b2b_customAnalysis: trigger sent to TMS server - volIdx: 30
06-27 13:18:05 - INFO - MainThread - pyneal_b2b_customAnalysis: received TMS server response: got it
06-27 13:18:05 - INFO - MainThread - pynealAnalysis: analyzed vol: 30
06-27 13:18:05 - DEBUG - MainThread - resultsServer: vol 30 - {'predictedClass': 'Active', 'motorProb': 0.98601152130649938} added to resultsServer
06-27 13:18:06 - INFO - Thread-1 - scanReceiver: Received vol 31
06-27 13:18:07 - DEBUG - MainThread - pynealPreprocessing: preprocessed vol: 31
06-27 13:18:07 - INFO - MainThread - pyneal_b2b_customAnalysis: volIdx 31 - motorProb: 0.9757326867958335
06-27 13:18:07 - INFO - MainThread - pyneal_b2b_customAnalysis: trigger sent to TMS server - volIdx: 31
06-27 13:18:07 - INFO - MainThread - pyneal_b2b_customAnalysis: received TMS server response: got it
06-27 13:18:07 - INFO - MainThread - pynealAnalysis: analyzed vol: 31
06-27 13:18:07 - DEBUG - MainThread - resultsServer: vol 31 - {'predictedClass': 'Active', 'motorProb': 0.97573268679583347} added to resultsServer
06-27 13:18:08 - INFO - Thread-1 - scanReceiver: Received vol 32
06-27 13:18:09 - DEBUG - MainThread - pynealPreprocessing: preprocessed vol: 32
06-27 13:18:09 - INFO - MainThread - pyneal_b2b_customAnalysis: volIdx 32 - motorProb: 0.9519967370083592
06-27 13:18:09 - INFO - MainThread - pyneal_b2b_customAnalysis: trigger sent to TMS server - volIdx: 32
06-27 13:18:09 - INFO - MainThread - pyneal_b2b_customAnalysis: received TMS server response: got it
06-27 13:18:09 - INFO - MainThread - pynealAnalysis: analyzed vol: 32
06-27 13:18:09 - DEBUG - MainThread - resultsServer: vol 32 - {'predictedClass': 'Active', 'motorProb': 0.95199673700835918} added to resultsServer
06-27 13:18:10 - INFO - Thread-1 - scanReceiver: Received vol 33
06-27 13:18:11 - DEBUG - MainThread - pynealPreprocessing: preprocessed vol: 33
06-27 13:18:11 - INFO - MainThread - pyneal_b2b_customAnalysis: volIdx 33 - motorProb: 0.8287504337099757
06-27 13:18:11 - INFO - MainThread - pyneal_b2b_customAnalysis: trigger sent to TMS server - volIdx: 33
06-27 13:18:11 - INFO - MainThread - pyneal_b2b_customAnalysis: received TMS server response: got it
06-27 13:18:11 - INFO - MainThread - pynealAnalysis: analyzed vol: 33
06-27 13:18:11 - DEBUG - MainThread - resultsServer: vol 33 - {'predictedClass': 'Active', 'motorProb': 0.8287504337099757} added to resultsServer
06-27 13:18:12 - INFO - Thread-1 - scanReceiver: Received vol 34
06-27 13:18:13 - DEBUG - MainThread - pynealPreprocessing: preprocessed vol: 34
06-27 13:18:13 - INFO - MainThread - pyneal_b2b_customAnalysis: volIdx 34 - motorProb: 0.6936577558920072
06-27 13:18:13 - INFO - MainThread - pyneal_b2b_customAnalysis: trigger sent to TMS server - volIdx: 34
06-27 13:18:13 - INFO - MainThread - pyneal_b2b_customAnalysis: received TMS server response: got it
06-27 13:18:13 - INFO - MainThread - pynealAnalysis: analyzed vol: 34
06-27 13:18:13 - DEBUG - MainThread - resultsServer: vol 34 - {'predictedClass': 'Active', 'motorProb': 0.69365775589200718} added to resultsServer
06-27 13:18:14 - INFO - Thread-1 - scanReceiver: Received vol 35
06-27 13:18:15 - DEBUG - MainThread - pynealPreprocessing: preprocessed vol: 35
06-27 13:18:15 - INFO - MainThread - pyneal_b2b_customAnalysis: volIdx 35 - motorProb: 0.42673177182763444
06-27 13:18:15 - INFO - MainThread - pynealAnalysis: analyzed vol: 35
06-27 13:18:15 - DEBUG - MainThread - resultsServer: vol 35 - {'predictedClass': 'Rest', 'motorProb': 0.42673177182763444} added to resultsServer
06-27 13:18:16 - INFO - Thread-1 - scanReceiver: Received vol 36
06-27 13:18:17 - DEBUG - MainThread - pynealPreprocessing: preprocessed vol: 36
06-27 13:18:17 - INFO - MainThread - pyneal_b2b_customAnalysis: volIdx 36 - motorProb: 0.4551841463469518
06-27 13:18:17 - INFO - MainThread - pynealAnalysis: analyzed vol: 36
06-27 13:18:17 - DEBUG - MainThread - resultsServer: vol 36 - {'predictedClass': 'Rest', 'motorProb': 0.45518414634695181} added to resultsServer
06-27 13:18:18 - INFO - Thread-1 - scanReceiver: Received vol 37
06-27 13:18:19 - DEBUG - MainThread - pynealPreprocessing: preprocessed vol: 37
06-27 13:18:19 - INFO - MainThread - pyneal_b2b_customAnalysis: volIdx 37 - motorProb: 0.22070687131325561
06-27 13:18:19 - INFO - MainThread - pynealAnalysis: analyzed vol: 37
06-27 13:18:19 - DEBUG - MainThread - resultsServer: vol 37 - {'predictedClass': 'Rest', 'motorProb': 0.22070687131325561} added to resultsServer
06-27 13:18:20 - INFO - Thread-1 - scanReceiver: Received vol 38
06-27 13:18:21 - DEBUG - MainThread - pynealPreprocessing: preprocessed vol: 38
06-27 13:18:21 - INFO - MainThread - pyneal_b2b_customAnalysis: volIdx 38 - motorProb: 0.9616033679467488
06-27 13:18:21 - INFO - MainThread - pyneal_b2b_customAnalysis: trigger sent to TMS server - volIdx: 38
06-27 13:18:21 - INFO - MainThread - pyneal_b2b_customAnalysis: received TMS server response: got it
06-27 13:18:21 - INFO - MainThread - pynealAnalysis: analyzed vol: 38
06-27 13:18:21 - DEBUG - MainThread - resultsServer: vol 38 - {'predictedClass': 'Active', 'motorProb': 0.96160336794674883} added to resultsServer
06-27 13:18:22 - INFO - Thread-1 - scanReceiver: Received vol 39
06-27 13:18:23 - DEBUG - MainThread - pynealPreprocessing: preprocessed vol: 39
06-27 13:18:23 - INFO - MainThread - pyneal_b2b_customAnalysis: volIdx 39 - motorProb: 0.9302456469292946
06-27 13:18:23 - INFO - MainThread - pyneal_b2b_customAnalysis: trigger sent to TMS server - volIdx: 39
06-27 13:18:23 - INFO - MainThread - pyneal_b2b_customAnalysis: received TMS server response: got it
06-27 13:18:23 - INFO - MainThread - pynealAnalysis: analyzed vol: 39
06-27 13:18:23 - DEBUG - MainThread - resultsServer: vol 39 - {'predictedClass': 'Active', 'motorProb': 0.93024564692929457} added to resultsServer
06-27 13:18:24 - INFO - Thread-1 - scanReceiver: Received vol 40
06-27 13:18:25 - DEBUG - MainThread - pynealPreprocessing: preprocessed vol: 40
06-27 13:18:25 - INFO - MainThread - pyneal_b2b_customAnalysis: volIdx 40 - motorProb: 0.7594530270293496
06-27 13:18:25 - INFO - MainThread - pyneal_b2b_customAnalysis: trigger sent to TMS server - volIdx: 40
06-27 13:18:25 - INFO - MainThread - pyneal_b2b_customAnalysis: received TMS server response: got it
06-27 13:18:25 - INFO - MainThread - pynealAnalysis: analyzed vol: 40
06-27 13:18:25 - DEBUG - MainThread - resultsServer: vol 40 - {'predictedClass': 'Active', 'motorProb': 0.75945302702934958} added to resultsServer
06-27 13:18:26 - INFO - Thread-1 - scanReceiver: Received vol 41
06-27 13:18:27 - DEBUG - MainThread - pynealPreprocessing: preprocessed vol: 41
06-27 13:18:27 - INFO - MainThread - pyneal_b2b_customAnalysis: volIdx 41 - motorProb: 0.8029961120303049
06-27 13:18:27 - INFO - MainThread - pyneal_b2b_customAnalysis: trigger sent to TMS server - volIdx: 41
06-27 13:18:27 - INFO - MainThread - pyneal_b2b_customAnalysis: received TMS server response: got it
06-27 13:18:27 - INFO - MainThread - pynealAnalysis: analyzed vol: 41
06-27 13:18:27 - DEBUG - MainThread - resultsServer: vol 41 - {'predictedClass': 'Active', 'motorProb': 0.80299611203030485} added to resultsServer
06-27 13:18:28 - INFO - Thread-1 - scanReceiver: Received vol 42
06-27 13:18:29 - DEBUG - MainThread - pynealPreprocessing: preprocessed vol: 42
06-27 13:18:29 - INFO - MainThread - pyneal_b2b_customAnalysis: volIdx 42 - motorProb: 0.6178462885307399
06-27 13:18:29 - INFO - MainThread - pyneal_b2b_customAnalysis: trigger sent to TMS server - volIdx: 42
06-27 13:18:29 - INFO - MainThread - pyneal_b2b_customAnalysis: received TMS server response: got it
06-27 13:18:29 - INFO - MainThread - pynealAnalysis: analyzed vol: 42
06-27 13:18:29 - DEBUG - MainThread - resultsServer: vol 42 - {'predictedClass': 'Active', 'motorProb': 0.61784628853073986} added to resultsServer
06-27 13:18:30 - INFO - Thread-1 - scanReceiver: Received vol 43
06-27 13:18:31 - DEBUG - MainThread - pynealPreprocessing: preprocessed vol: 43
06-27 13:18:31 - INFO - MainThread - pyneal_b2b_customAnalysis: volIdx 43 - motorProb: 0.7295324096948999
06-27 13:18:31 - INFO - MainThread - pyneal_b2b_customAnalysis: trigger sent to TMS server - volIdx: 43
06-27 13:18:31 - INFO - MainThread - pyneal_b2b_customAnalysis: received TMS server response: got it
06-27 13:18:31 - INFO - MainThread - pynealAnalysis: analyzed vol: 43
06-27 13:18:31 - DEBUG - MainThread - resultsServer: vol 43 - {'predictedClass': 'Active', 'motorProb': 0.72953240969489985} added to resultsServer
06-27 13:18:32 - INFO - Thread-1 - scanReceiver: Received vol 44
06-27 13:18:33 - DEBUG - MainThread - pynealPreprocessing: preprocessed vol: 44
06-27 13:18:33 - INFO - MainThread - pyneal_b2b_customAnalysis: volIdx 44 - motorProb: 0.9298232255270485
06-27 13:18:33 - INFO - MainThread - pyneal_b2b_customAnalysis: trigger sent to TMS server - volIdx: 44
06-27 13:18:33 - INFO - MainThread - pyneal_b2b_customAnalysis: received TMS server response: got it
06-27 13:18:33 - INFO - MainThread - pynealAnalysis: analyzed vol: 44
06-27 13:18:33 - DEBUG - MainThread - resultsServer: vol 44 - {'predictedClass': 'Active', 'motorProb': 0.92982322552704855} added to resultsServer
06-27 13:18:34 - INFO - Thread-1 - scanReceiver: Received vol 45
06-27 13:18:35 - DEBUG - MainThread - pynealPreprocessing: preprocessed vol: 45
06-27 13:18:35 - INFO - MainThread - pyneal_b2b_customAnalysis: volIdx 45 - motorProb: 0.8797516331501396
06-27 13:18:35 - INFO - MainThread - pyneal_b2b_customAnalysis: trigger sent to TMS server - volIdx: 45
06-27 13:18:35 - INFO - MainThread - pyneal_b2b_customAnalysis: received TMS server response: got it
06-27 13:18:35 - INFO - MainThread - pynealAnalysis: analyzed vol: 45
06-27 13:18:35 - DEBUG - MainThread - resultsServer: vol 45 - {'predictedClass': 'Active', 'motorProb': 0.8797516331501396} added to resultsServer
06-27 13:18:36 - INFO - Thread-1 - scanReceiver: Received vol 46
06-27 13:18:37 - DEBUG - MainThread - pynealPreprocessing: preprocessed vol: 46
06-27 13:18:37 - INFO - MainThread - pyneal_b2b_customAnalysis: volIdx 46 - motorProb: 0.9760307864405628
06-27 13:18:37 - INFO - MainThread - pyneal_b2b_customAnalysis: trigger sent to TMS server - volIdx: 46
06-27 13:18:37 - INFO - MainThread - pyneal_b2b_customAnalysis: received TMS server response: got it
06-27 13:18:37 - INFO - MainThread - pynealAnalysis: analyzed vol: 46
06-27 13:18:37 - DEBUG - MainThread - resultsServer: vol 46 - {'predictedClass': 'Active', 'motorProb': 0.97603078644056285} added to resultsServer
06-27 13:18:38 - INFO - Thread-1 - scanReceiver: Received vol 47
06-27 13:18:39 - DEBUG - MainThread - pynealPreprocessing: preprocessed vol: 47
06-27 13:18:39 - INFO - MainThread - pyneal_b2b_customAnalysis: volIdx 47 - motorProb: 0.9517066105342824
06-27 13:18:39 - INFO - MainThread - pyneal_b2b_customAnalysis: trigger sent to TMS server - volIdx: 47
06-27 13:18:39 - INFO - MainThread - pyneal_b2b_customAnalysis: received TMS server response: got it
06-27 13:18:39 - INFO - MainThread - pynealAnalysis: analyzed vol: 47
06-27 13:18:39 - DEBUG - MainThread - resultsServer: vol 47 - {'predictedClass': 'Active', 'motorProb': 0.9517066105342824} added to resultsServer
06-27 13:18:41 - INFO - Thread-1 - scanReceiver: Received vol 48
06-27 13:18:41 - DEBUG - MainThread - pynealPreprocessing: preprocessed vol: 48
06-27 13:18:41 - INFO - MainThread - pyneal_b2b_customAnalysis: volIdx 48 - motorProb: 0.9065899623938543
06-27 13:18:41 - INFO - MainThread - pyneal_b2b_customAnalysis: trigger sent to TMS server - volIdx: 48
06-27 13:18:41 - INFO - MainThread - pyneal_b2b_customAnalysis: received TMS server response: got it
06-27 13:18:41 - INFO - MainThread - pynealAnalysis: analyzed vol: 48
06-27 13:18:41 - DEBUG - MainThread - resultsServer: vol 48 - {'predictedClass': 'Active', 'motorProb': 0.90658996239385425} added to resultsServer
06-27 13:18:42 - INFO - Thread-1 - scanReceiver: Received vol 49
06-27 13:18:43 - DEBUG - MainThread - pynealPreprocessing: preprocessed vol: 49
06-27 13:18:43 - INFO - MainThread - pyneal_b2b_customAnalysis: volIdx 49 - motorProb: 0.8974261803748161
06-27 13:18:43 - INFO - MainThread - pyneal_b2b_customAnalysis: trigger sent to TMS server - volIdx: 49
06-27 13:18:43 - INFO - MainThread - pyneal_b2b_customAnalysis: received TMS server response: got it
06-27 13:18:43 - INFO - MainThread - pynealAnalysis: analyzed vol: 49
06-27 13:18:43 - DEBUG - MainThread - resultsServer: vol 49 - {'predictedClass': 'Active', 'motorProb': 0.89742618037481614} added to resultsServer
06-27 13:18:44 - INFO - Thread-1 - scanReceiver: Received vol 50
06-27 13:18:45 - DEBUG - MainThread - pynealPreprocessing: preprocessed vol: 50
06-27 13:18:45 - INFO - MainThread - pyneal_b2b_customAnalysis: volIdx 50 - motorProb: 0.9018008317278435
06-27 13:18:45 - INFO - MainThread - pyneal_b2b_customAnalysis: trigger sent to TMS server - volIdx: 50
06-27 13:18:45 - INFO - MainThread - pyneal_b2b_customAnalysis: received TMS server response: got it
06-27 13:18:45 - INFO - MainThread - pynealAnalysis: analyzed vol: 50
06-27 13:18:45 - DEBUG - MainThread - resultsServer: vol 50 - {'predictedClass': 'Active', 'motorProb': 0.90180083172784353} added to resultsServer
06-27 13:18:46 - INFO - Thread-1 - scanReceiver: Received vol 51
06-27 13:18:47 - DEBUG - MainThread - pynealPreprocessing: preprocessed vol: 51
06-27 13:18:47 - INFO - MainThread - pyneal_b2b_customAnalysis: volIdx 51 - motorProb: 0.7947083172585739
06-27 13:18:47 - INFO - MainThread - pyneal_b2b_customAnalysis: trigger sent to TMS server - volIdx: 51
06-27 13:18:47 - INFO - MainThread - pyneal_b2b_customAnalysis: received TMS server response: got it
06-27 13:18:47 - INFO - MainThread - pynealAnalysis: analyzed vol: 51
06-27 13:18:47 - DEBUG - MainThread - resultsServer: vol 51 - {'predictedClass': 'Active', 'motorProb': 0.79470831725857394} added to resultsServer
06-27 13:18:48 - INFO - Thread-1 - scanReceiver: Received vol 52
06-27 13:18:49 - DEBUG - MainThread - pynealPreprocessing: preprocessed vol: 52
06-27 13:18:49 - INFO - MainThread - pyneal_b2b_customAnalysis: volIdx 52 - motorProb: 0.7893648907319314
06-27 13:18:49 - INFO - MainThread - pyneal_b2b_customAnalysis: trigger sent to TMS server - volIdx: 52
06-27 13:18:49 - INFO - MainThread - pyneal_b2b_customAnalysis: received TMS server response: got it
06-27 13:18:49 - INFO - MainThread - pynealAnalysis: analyzed vol: 52
06-27 13:18:49 - DEBUG - MainThread - resultsServer: vol 52 - {'predictedClass': 'Active', 'motorProb': 0.78936489073193139} added to resultsServer
06-27 13:18:50 - INFO - Thread-1 - scanReceiver: Received vol 53
06-27 13:18:51 - DEBUG - MainThread - pynealPreprocessing: preprocessed vol: 53
06-27 13:18:51 - INFO - MainThread - pyneal_b2b_customAnalysis: volIdx 53 - motorProb: 0.6792181190387356
06-27 13:18:51 - INFO - MainThread - pyneal_b2b_customAnalysis: trigger sent to TMS server - volIdx: 53
06-27 13:18:51 - INFO - MainThread - pyneal_b2b_customAnalysis: received TMS server response: got it
06-27 13:18:51 - INFO - MainThread - pynealAnalysis: analyzed vol: 53
06-27 13:18:51 - DEBUG - MainThread - resultsServer: vol 53 - {'predictedClass': 'Active', 'motorProb': 0.67921811903873563} added to resultsServer
06-27 13:18:52 - INFO - Thread-1 - scanReceiver: Received vol 54
06-27 13:18:53 - DEBUG - MainThread - pynealPreprocessing: preprocessed vol: 54
06-27 13:18:53 - INFO - MainThread - pyneal_b2b_customAnalysis: volIdx 54 - motorProb: 0.8509726153574904
06-27 13:18:53 - INFO - MainThread - pyneal_b2b_customAnalysis: trigger sent to TMS server - volIdx: 54
06-27 13:18:53 - INFO - MainThread - pyneal_b2b_customAnalysis: received TMS server response: got it
06-27 13:18:53 - INFO - MainThread - pynealAnalysis: analyzed vol: 54
06-27 13:18:53 - DEBUG - MainThread - resultsServer: vol 54 - {'predictedClass': 'Active', 'motorProb': 0.85097261535749036} added to resultsServer
06-27 13:18:54 - INFO - Thread-1 - scanReceiver: Received vol 55
06-27 13:18:55 - DEBUG - MainThread - pynealPreprocessing: preprocessed vol: 55
06-27 13:18:55 - INFO - MainThread - pyneal_b2b_customAnalysis: volIdx 55 - motorProb: 0.7822979359511726
06-27 13:18:55 - INFO - MainThread - pyneal_b2b_customAnalysis: trigger sent to TMS server - volIdx: 55
06-27 13:18:55 - INFO - MainThread - pyneal_b2b_customAnalysis: received TMS server response: got it
06-27 13:18:55 - INFO - MainThread - pynealAnalysis: analyzed vol: 55
06-27 13:18:55 - DEBUG - MainThread - resultsServer: vol 55 - {'predictedClass': 'Active', 'motorProb': 0.78229793595117258} added to resultsServer
06-27 13:18:56 - INFO - Thread-1 - scanReceiver: Received vol 56
06-27 13:18:57 - DEBUG - MainThread - pynealPreprocessing: preprocessed vol: 56
06-27 13:18:57 - INFO - MainThread - pyneal_b2b_customAnalysis: volIdx 56 - motorProb: 0.9785114090766704
06-27 13:18:57 - INFO - MainThread - pyneal_b2b_customAnalysis: trigger sent to TMS server - volIdx: 56
06-27 13:18:57 - INFO - MainThread - pyneal_b2b_customAnalysis: received TMS server response: got it
06-27 13:18:57 - INFO - MainThread - pynealAnalysis: analyzed vol: 56
06-27 13:18:57 - DEBUG - MainThread - resultsServer: vol 56 - {'predictedClass': 'Active', 'motorProb': 0.97851140907667045} added to resultsServer
06-27 13:18:58 - INFO - Thread-1 - scanReceiver: Received vol 57
06-27 13:18:59 - DEBUG - MainThread - pynealPreprocessing: preprocessed vol: 57
06-27 13:18:59 - INFO - MainThread - pyneal_b2b_customAnalysis: volIdx 57 - motorProb: 0.9747788077227756
06-27 13:18:59 - INFO - MainThread - pyneal_b2b_customAnalysis: trigger sent to TMS server - volIdx: 57
06-27 13:18:59 - INFO - MainThread - pyneal_b2b_customAnalysis: received TMS server response: got it
06-27 13:18:59 - INFO - MainThread - pynealAnalysis: analyzed vol: 57
06-27 13:18:59 - DEBUG - MainThread - resultsServer: vol 57 - {'predictedClass': 'Active', 'motorProb': 0.97477880772277559} added to resultsServer
06-27 13:19:00 - INFO - Thread-1 - scanReceiver: Received vol 58
06-27 13:19:01 - DEBUG - MainThread - pynealPreprocessing: preprocessed vol: 58
06-27 13:19:01 - INFO - MainThread - pyneal_b2b_customAnalysis: volIdx 58 - motorProb: 0.9420793240281389
06-27 13:19:01 - INFO - MainThread - pyneal_b2b_customAnalysis: trigger sent to TMS server - volIdx: 58
06-27 13:19:01 - INFO - MainThread - pyneal_b2b_customAnalysis: received TMS server response: got it
06-27 13:19:01 - INFO - MainThread - pynealAnalysis: analyzed vol: 58
06-27 13:19:01 - DEBUG - MainThread - resultsServer: vol 58 - {'predictedClass': 'Active', 'motorProb': 0.94207932402813888} added to resultsServer
06-27 13:19:02 - INFO - Thread-1 - scanReceiver: Received vol 59
06-27 13:19:03 - DEBUG - MainThread - pynealPreprocessing: preprocessed vol: 59
06-27 13:19:03 - INFO - MainThread - pyneal_b2b_customAnalysis: volIdx 59 - motorProb: 0.8866924218166943
06-27 13:19:03 - INFO - MainThread - pyneal_b2b_customAnalysis: trigger sent to TMS server - volIdx: 59
06-27 13:19:03 - INFO - MainThread - pyneal_b2b_customAnalysis: received TMS server response: got it
06-27 13:19:03 - INFO - MainThread - pynealAnalysis: analyzed vol: 59
06-27 13:19:03 - DEBUG - MainThread - resultsServer: vol 59 - {'predictedClass': 'Active', 'motorProb': 0.88669242181669428} added to resultsServer
06-27 13:19:04 - INFO - Thread-1 - scanReceiver: Received vol 60
06-27 13:19:05 - DEBUG - MainThread - pynealPreprocessing: preprocessed vol: 60
06-27 13:19:05 - INFO - MainThread - pyneal_b2b_customAnalysis: volIdx 60 - motorProb: 0.7675891750992719
06-27 13:19:05 - INFO - MainThread - pyneal_b2b_customAnalysis: trigger sent to TMS server - volIdx: 60
06-27 13:19:05 - INFO - MainThread - pyneal_b2b_customAnalysis: received TMS server response: got it
06-27 13:19:05 - INFO - MainThread - pynealAnalysis: analyzed vol: 60
06-27 13:19:05 - DEBUG - MainThread - resultsServer: vol 60 - {'predictedClass': 'Active', 'motorProb': 0.76758917509927194} added to resultsServer
06-27 13:19:06 - INFO - Thread-1 - scanReceiver: Received vol 61
06-27 13:19:07 - DEBUG - MainThread - pynealPreprocessing: preprocessed vol: 61
06-27 13:19:07 - INFO - MainThread - pyneal_b2b_customAnalysis: volIdx 61 - motorProb: 0.9400279196062737
06-27 13:19:07 - INFO - MainThread - pyneal_b2b_customAnalysis: trigger sent to TMS server - volIdx: 61
06-27 13:19:07 - INFO - MainThread - pyneal_b2b_customAnalysis: received TMS server response: got it
06-27 13:19:07 - INFO - MainThread - pynealAnalysis: analyzed vol: 61
06-27 13:19:07 - DEBUG - MainThread - resultsServer: vol 61 - {'predictedClass': 'Active', 'motorProb': 0.94002791960627374} added to resultsServer
06-27 13:19:08 - INFO - Thread-1 - scanReceiver: Received vol 62
06-27 13:19:09 - DEBUG - MainThread - pynealPreprocessing: preprocessed vol: 62
06-27 13:19:09 - INFO - MainThread - pyneal_b2b_customAnalysis: volIdx 62 - motorProb: 0.6518730497894736
06-27 13:19:09 - INFO - MainThread - pyneal_b2b_customAnalysis: trigger sent to TMS server - volIdx: 62
06-27 13:19:09 - INFO - MainThread - pyneal_b2b_customAnalysis: received TMS server response: got it
06-27 13:19:09 - INFO - MainThread - pynealAnalysis: analyzed vol: 62
06-27 13:19:09 - DEBUG - MainThread - resultsServer: vol 62 - {'predictedClass': 'Active', 'motorProb': 0.65187304978947358} added to resultsServer
06-27 13:19:10 - INFO - Thread-1 - scanReceiver: Received vol 63
06-27 13:19:11 - DEBUG - MainThread - pynealPreprocessing: preprocessed vol: 63
06-27 13:19:11 - INFO - MainThread - pyneal_b2b_customAnalysis: volIdx 63 - motorProb: 0.9814286094391573
06-27 13:19:11 - INFO - MainThread - pyneal_b2b_customAnalysis: trigger sent to TMS server - volIdx: 63
06-27 13:19:11 - INFO - MainThread - pyneal_b2b_customAnalysis: received TMS server response: got it
06-27 13:19:11 - INFO - MainThread - pynealAnalysis: analyzed vol: 63
06-27 13:19:11 - DEBUG - MainThread - resultsServer: vol 63 - {'predictedClass': 'Active', 'motorProb': 0.98142860943915733} added to resultsServer
06-27 13:19:12 - INFO - Thread-1 - scanReceiver: Received vol 64
06-27 13:19:13 - DEBUG - MainThread - pynealPreprocessing: preprocessed vol: 64
06-27 13:19:13 - INFO - MainThread - pyneal_b2b_customAnalysis: volIdx 64 - motorProb: 0.9905931190309669
06-27 13:19:13 - INFO - MainThread - pyneal_b2b_customAnalysis: trigger sent to TMS server - volIdx: 64
06-27 13:19:13 - INFO - MainThread - pyneal_b2b_customAnalysis: received TMS server response: got it
06-27 13:19:13 - INFO - MainThread - pynealAnalysis: analyzed vol: 64
06-27 13:19:13 - DEBUG - MainThread - resultsServer: vol 64 - {'predictedClass': 'Active', 'motorProb': 0.99059311903096692} added to resultsServer
06-27 13:19:14 - INFO - Thread-1 - scanReceiver: Received vol 65
06-27 13:19:15 - DEBUG - MainThread - pynealPreprocessing: preprocessed vol: 65
06-27 13:19:15 - INFO - MainThread - pyneal_b2b_customAnalysis: volIdx 65 - motorProb: 0.9872027861258548
06-27 13:19:15 - INFO - MainThread - pyneal_b2b_customAnalysis: trigger sent to TMS server - volIdx: 65
06-27 13:19:15 - INFO - MainThread - pyneal_b2b_customAnalysis: received TMS server response: got it
06-27 13:19:15 - INFO - MainThread - pynealAnalysis: analyzed vol: 65
06-27 13:19:15 - DEBUG - MainThread - resultsServer: vol 65 - {'predictedClass': 'Active', 'motorProb': 0.98720278612585477} added to resultsServer
06-27 13:19:16 - INFO - Thread-1 - scanReceiver: Received vol 66
06-27 13:19:17 - DEBUG - MainThread - pynealPreprocessing: preprocessed vol: 66
06-27 13:19:17 - INFO - MainThread - pyneal_b2b_customAnalysis: volIdx 66 - motorProb: 0.9939229618162253
06-27 13:19:17 - INFO - MainThread - pyneal_b2b_customAnalysis: trigger sent to TMS server - volIdx: 66
06-27 13:19:17 - INFO - MainThread - pyneal_b2b_customAnalysis: received TMS server response: got it
06-27 13:19:17 - INFO - MainThread - pynealAnalysis: analyzed vol: 66
06-27 13:19:17 - DEBUG - MainThread - resultsServer: vol 66 - {'predictedClass': 'Active', 'motorProb': 0.9939229618162253} added to resultsServer
06-27 13:19:18 - INFO - Thread-1 - scanReceiver: Received vol 67
06-27 13:19:19 - DEBUG - MainThread - pynealPreprocessing: preprocessed vol: 67
06-27 13:19:19 - INFO - MainThread - pyneal_b2b_customAnalysis: volIdx 67 - motorProb: 0.9300038129044603
06-27 13:19:19 - INFO - MainThread - pyneal_b2b_customAnalysis: trigger sent to TMS server - volIdx: 67
06-27 13:19:19 - INFO - MainThread - pyneal_b2b_customAnalysis: received TMS server response: got it
06-27 13:19:19 - INFO - MainThread - pynealAnalysis: analyzed vol: 67
06-27 13:19:19 - DEBUG - MainThread - resultsServer: vol 67 - {'predictedClass': 'Active', 'motorProb': 0.93000381290446033} added to resultsServer
