04-27 12:35:20 - INFO - MainThread - pyneal: Setting: analysisChoice: Average
04-27 12:35:20 - INFO - MainThread - pyneal: Setting: dashboardClientPort: 5558
04-27 12:35:20 - INFO - MainThread - pyneal: Setting: dashboardPort: 5557
04-27 12:35:20 - INFO - MainThread - pyneal: Setting: launchDashboard: True
04-27 12:35:20 - INFO - MainThread - pyneal: Setting: maskFile: /Users/jeff/gDrive/jeffCloud/real-time/b2b/dummyMask_80-80-30.nii.gz
04-27 12:35:20 - INFO - MainThread - pyneal: Setting: maskIsWeighted: False
04-27 12:35:20 - INFO - MainThread - pyneal: Setting: numTimepts: 93
04-27 12:35:20 - INFO - MainThread - pyneal: Setting: outputPath: /Users/jeff/Desktop/development/pynealOutput
04-27 12:35:20 - INFO - MainThread - pyneal: Setting: pynealHost: 127.0.0.1
04-27 12:35:20 - INFO - MainThread - pyneal: Setting: pynealScannerPort: 5555
04-27 12:35:20 - INFO - MainThread - pyneal: Setting: resultsServerPort: 5556
04-27 12:35:20 - INFO - MainThread - pyneal: Setting: seriesOutputDir: /Users/jeff/Desktop/development/pynealOutput/pyneal_004
04-27 12:35:20 - DEBUG - MainThread - scanReceiver: scanReceiver server bound to 127.0.0.1:5555
04-27 12:35:20 - INFO - MainThread - scanReceiver: ScanReceiver Server alive and listening....
04-27 12:35:20 - DEBUG - MainThread - pyneal: Starting Scan Receiver
04-27 12:35:20 - DEBUG - MainThread - resultsServer: Results Server bound to 127.0.0.1:5556
04-27 12:35:20 - INFO - MainThread - resultsServer: Results Server alive and listening....
04-27 12:35:20 - DEBUG - MainThread - pyneal: Starting Results Server
04-27 12:35:24 - DEBUG - Thread-1 - scanReceiver: Scanner socket connected to Pyneal-Scanner
04-27 12:36:44 - DEBUG - Thread-1 - scanReceiver: Image Matrix dims: (80, 80, 30, 93)
04-27 12:36:44 - INFO - Thread-1 - scanReceiver: Received vol 0
04-27 12:36:44 - DEBUG - MainThread - pyneal: Scan started
04-27 12:36:44 - DEBUG - MainThread - pynealPreprocessing: preprocessed vol: 0
04-27 12:36:44 - INFO - MainThread - pynealAnalysis: analyzed vol: 0
04-27 12:36:44 - DEBUG - MainThread - resultsServer: vol 0 - {'average': 1220.1400000000001} added to resultsServer
04-27 12:36:44 - INFO - Thread-1 - scanReceiver: Received vol 1
04-27 12:36:44 - DEBUG - MainThread - pynealPreprocessing: preprocessed vol: 1
04-27 12:36:44 - INFO - MainThread - pynealAnalysis: analyzed vol: 1
04-27 12:36:44 - DEBUG - MainThread - resultsServer: vol 1 - {'average': 1225.9200000000001} added to resultsServer
04-27 12:36:46 - INFO - Thread-1 - scanReceiver: Received vol 2
04-27 12:36:46 - DEBUG - MainThread - pynealPreprocessing: preprocessed vol: 2
04-27 12:36:46 - INFO - MainThread - pynealAnalysis: analyzed vol: 2
04-27 12:36:46 - DEBUG - MainThread - resultsServer: vol 2 - {'average': 1206.0} added to resultsServer
04-27 12:36:48 - INFO - Thread-1 - scanReceiver: Received vol 3
04-27 12:36:48 - DEBUG - MainThread - pynealPreprocessing: preprocessed vol: 3
04-27 12:36:48 - INFO - MainThread - pynealAnalysis: analyzed vol: 3
04-27 12:36:48 - DEBUG - MainThread - resultsServer: vol 3 - {'average': 1224.6199999999999} added to resultsServer
04-27 12:36:50 - INFO - Thread-1 - scanReceiver: Received vol 4
04-27 12:36:51 - DEBUG - MainThread - pynealPreprocessing: preprocessed vol: 4
04-27 12:36:51 - INFO - MainThread - pynealAnalysis: analyzed vol: 4
04-27 12:36:51 - DEBUG - MainThread - resultsServer: vol 4 - {'average': 1208.6600000000001} added to resultsServer
04-27 12:36:52 - INFO - Thread-1 - scanReceiver: Received vol 5
04-27 12:36:53 - DEBUG - MainThread - pynealPreprocessing: preprocessed vol: 5
04-27 12:36:53 - INFO - MainThread - pynealAnalysis: analyzed vol: 5
04-27 12:36:53 - DEBUG - MainThread - resultsServer: vol 5 - {'average': 1209.9400000000001} added to resultsServer
04-27 12:36:54 - INFO - Thread-1 - scanReceiver: Received vol 6
04-27 12:36:55 - DEBUG - MainThread - pynealPreprocessing: preprocessed vol: 6
04-27 12:36:55 - INFO - MainThread - pynealAnalysis: analyzed vol: 6
04-27 12:36:55 - DEBUG - MainThread - resultsServer: vol 6 - {'average': 1234.74} added to resultsServer
04-27 12:36:57 - INFO - Thread-1 - scanReceiver: Received vol 7
04-27 12:36:57 - DEBUG - MainThread - pynealPreprocessing: preprocessed vol: 7
04-27 12:36:57 - INFO - MainThread - pynealAnalysis: analyzed vol: 7
04-27 12:36:57 - DEBUG - MainThread - resultsServer: vol 7 - {'average': 1211.4300000000001} added to resultsServer
04-27 12:36:59 - INFO - Thread-1 - scanReceiver: Received vol 8
04-27 12:36:59 - DEBUG - MainThread - pynealPreprocessing: preprocessed vol: 8
04-27 12:36:59 - INFO - MainThread - pynealAnalysis: analyzed vol: 8
04-27 12:36:59 - DEBUG - MainThread - resultsServer: vol 8 - {'average': 1212.22} added to resultsServer
04-27 12:37:00 - INFO - Thread-1 - scanReceiver: Received vol 9
04-27 12:37:01 - DEBUG - MainThread - pynealPreprocessing: preprocessed vol: 9
04-27 12:37:01 - INFO - MainThread - pynealAnalysis: analyzed vol: 9
04-27 12:37:01 - DEBUG - MainThread - resultsServer: vol 9 - {'average': 1205.6199999999999} added to resultsServer
04-27 12:37:03 - INFO - Thread-1 - scanReceiver: Received vol 10
04-27 12:37:04 - DEBUG - MainThread - pynealPreprocessing: preprocessed vol: 10
04-27 12:37:04 - INFO - MainThread - pynealAnalysis: analyzed vol: 10
04-27 12:37:04 - DEBUG - MainThread - resultsServer: vol 10 - {'average': 1202.4000000000001} added to resultsServer
04-27 12:37:05 - INFO - Thread-1 - scanReceiver: Received vol 11
04-27 12:37:05 - DEBUG - MainThread - pynealPreprocessing: preprocessed vol: 11
04-27 12:37:05 - INFO - MainThread - pynealAnalysis: analyzed vol: 11
04-27 12:37:05 - DEBUG - MainThread - resultsServer: vol 11 - {'average': 1201.23} added to resultsServer
04-27 12:37:07 - INFO - Thread-1 - scanReceiver: Received vol 12
04-27 12:37:07 - DEBUG - MainThread - pynealPreprocessing: preprocessed vol: 12
04-27 12:37:07 - INFO - MainThread - pynealAnalysis: analyzed vol: 12
04-27 12:37:07 - DEBUG - MainThread - resultsServer: vol 12 - {'average': 1239.8399999999999} added to resultsServer
04-27 12:37:09 - INFO - Thread-1 - scanReceiver: Received vol 13
04-27 12:37:09 - DEBUG - MainThread - pynealPreprocessing: preprocessed vol: 13
04-27 12:37:09 - INFO - MainThread - pynealAnalysis: analyzed vol: 13
04-27 12:37:09 - DEBUG - MainThread - resultsServer: vol 13 - {'average': 1205.4100000000001} added to resultsServer
04-27 12:37:11 - INFO - Thread-1 - scanReceiver: Received vol 14
04-27 12:37:12 - DEBUG - MainThread - pynealPreprocessing: preprocessed vol: 14
04-27 12:37:12 - INFO - MainThread - pynealAnalysis: analyzed vol: 14
04-27 12:37:12 - DEBUG - MainThread - resultsServer: vol 14 - {'average': 1212.02} added to resultsServer
04-27 12:37:13 - INFO - Thread-1 - scanReceiver: Received vol 15
04-27 12:37:14 - DEBUG - MainThread - pynealPreprocessing: preprocessed vol: 15
04-27 12:37:14 - INFO - MainThread - pynealAnalysis: analyzed vol: 15
04-27 12:37:14 - DEBUG - MainThread - resultsServer: vol 15 - {'average': 1222.21} added to resultsServer
04-27 12:37:15 - INFO - Thread-1 - scanReceiver: Received vol 16
04-27 12:37:16 - DEBUG - MainThread - pynealPreprocessing: preprocessed vol: 16
04-27 12:37:16 - INFO - MainThread - pynealAnalysis: analyzed vol: 16
04-27 12:37:16 - DEBUG - MainThread - resultsServer: vol 16 - {'average': 1207.0} added to resultsServer
04-27 12:37:17 - INFO - Thread-1 - scanReceiver: Received vol 17
04-27 12:37:18 - DEBUG - MainThread - pynealPreprocessing: preprocessed vol: 17
04-27 12:37:18 - INFO - MainThread - pynealAnalysis: analyzed vol: 17
04-27 12:37:18 - DEBUG - MainThread - resultsServer: vol 17 - {'average': 1220.6400000000001} added to resultsServer
04-27 12:37:19 - INFO - Thread-1 - scanReceiver: Received vol 18
04-27 12:37:20 - DEBUG - MainThread - pynealPreprocessing: preprocessed vol: 18
04-27 12:37:20 - INFO - MainThread - pynealAnalysis: analyzed vol: 18
04-27 12:37:20 - DEBUG - MainThread - resultsServer: vol 18 - {'average': 1209.0} added to resultsServer
04-27 12:37:21 - INFO - Thread-1 - scanReceiver: Received vol 19
04-27 12:37:22 - DEBUG - MainThread - pynealPreprocessing: preprocessed vol: 19
04-27 12:37:22 - INFO - MainThread - pynealAnalysis: analyzed vol: 19
04-27 12:37:22 - DEBUG - MainThread - resultsServer: vol 19 - {'average': 1211.05} added to resultsServer
04-27 12:37:22 - INFO - Thread-1 - scanReceiver: Received vol 20
04-27 12:37:23 - DEBUG - MainThread - pynealPreprocessing: preprocessed vol: 20
04-27 12:37:23 - INFO - MainThread - pynealAnalysis: analyzed vol: 20
04-27 12:37:23 - DEBUG - MainThread - resultsServer: vol 20 - {'average': 1219.55} added to resultsServer
04-27 12:37:24 - INFO - Thread-1 - scanReceiver: Received vol 21
04-27 12:37:25 - DEBUG - MainThread - pynealPreprocessing: preprocessed vol: 21
04-27 12:37:25 - INFO - MainThread - pynealAnalysis: analyzed vol: 21
04-27 12:37:25 - DEBUG - MainThread - resultsServer: vol 21 - {'average': 1205.0899999999999} added to resultsServer
04-27 12:37:26 - INFO - Thread-1 - scanReceiver: Received vol 22
04-27 12:37:27 - DEBUG - MainThread - pynealPreprocessing: preprocessed vol: 22
04-27 12:37:27 - INFO - MainThread - pynealAnalysis: analyzed vol: 22
04-27 12:37:27 - DEBUG - MainThread - resultsServer: vol 22 - {'average': 1205.9000000000001} added to resultsServer
04-27 12:37:28 - INFO - Thread-1 - scanReceiver: Received vol 23
04-27 12:37:29 - DEBUG - MainThread - pynealPreprocessing: preprocessed vol: 23
04-27 12:37:29 - INFO - MainThread - pynealAnalysis: analyzed vol: 23
04-27 12:37:29 - DEBUG - MainThread - resultsServer: vol 23 - {'average': 1201.8399999999999} added to resultsServer
04-27 12:37:31 - INFO - Thread-1 - scanReceiver: Received vol 24
04-27 12:37:32 - DEBUG - MainThread - pynealPreprocessing: preprocessed vol: 24
04-27 12:37:32 - INFO - MainThread - pynealAnalysis: analyzed vol: 24
04-27 12:37:32 - DEBUG - MainThread - resultsServer: vol 24 - {'average': 1201.8800000000001} added to resultsServer
04-27 12:37:32 - INFO - Thread-1 - scanReceiver: Received vol 25
04-27 12:37:33 - DEBUG - MainThread - pynealPreprocessing: preprocessed vol: 25
04-27 12:37:33 - INFO - MainThread - pynealAnalysis: analyzed vol: 25
04-27 12:37:33 - DEBUG - MainThread - resultsServer: vol 25 - {'average': 1205.3199999999999} added to resultsServer
04-27 12:37:34 - INFO - Thread-1 - scanReceiver: Received vol 26
04-27 12:37:35 - DEBUG - MainThread - pynealPreprocessing: preprocessed vol: 26
04-27 12:37:35 - INFO - MainThread - pynealAnalysis: analyzed vol: 26
04-27 12:37:35 - DEBUG - MainThread - resultsServer: vol 26 - {'average': 1200.3800000000001} added to resultsServer
04-27 12:37:37 - INFO - Thread-1 - scanReceiver: Received vol 27
04-27 12:37:37 - DEBUG - MainThread - pynealPreprocessing: preprocessed vol: 27
04-27 12:37:37 - INFO - MainThread - pynealAnalysis: analyzed vol: 27
04-27 12:37:37 - DEBUG - MainThread - resultsServer: vol 27 - {'average': 1210.8699999999999} added to resultsServer
04-27 12:37:39 - INFO - Thread-1 - scanReceiver: Received vol 28
04-27 12:37:40 - DEBUG - MainThread - pynealPreprocessing: preprocessed vol: 28
04-27 12:37:40 - INFO - MainThread - pynealAnalysis: analyzed vol: 28
04-27 12:37:40 - DEBUG - MainThread - resultsServer: vol 28 - {'average': 1225.6600000000001} added to resultsServer
04-27 12:37:41 - INFO - Thread-1 - scanReceiver: Received vol 29
04-27 12:37:42 - DEBUG - MainThread - pynealPreprocessing: preprocessed vol: 29
04-27 12:37:42 - INFO - MainThread - pynealAnalysis: analyzed vol: 29
04-27 12:37:42 - DEBUG - MainThread - resultsServer: vol 29 - {'average': 1212.8699999999999} added to resultsServer
04-27 12:37:43 - INFO - Thread-1 - scanReceiver: Received vol 30
04-27 12:37:43 - DEBUG - MainThread - pynealPreprocessing: preprocessed vol: 30
04-27 12:37:43 - INFO - MainThread - pynealAnalysis: analyzed vol: 30
04-27 12:37:43 - DEBUG - MainThread - resultsServer: vol 30 - {'average': 1211.3499999999999} added to resultsServer
04-27 12:37:45 - INFO - Thread-1 - scanReceiver: Received vol 31
04-27 12:37:46 - DEBUG - MainThread - pynealPreprocessing: preprocessed vol: 31
04-27 12:37:46 - INFO - MainThread - pynealAnalysis: analyzed vol: 31
04-27 12:37:46 - DEBUG - MainThread - resultsServer: vol 31 - {'average': 1221.1400000000001} added to resultsServer
04-27 12:37:47 - INFO - Thread-1 - scanReceiver: Received vol 32
04-27 12:37:47 - DEBUG - MainThread - pynealPreprocessing: preprocessed vol: 32
04-27 12:37:47 - INFO - MainThread - pynealAnalysis: analyzed vol: 32
04-27 12:37:47 - DEBUG - MainThread - resultsServer: vol 32 - {'average': 1208.8099999999999} added to resultsServer
04-27 12:37:49 - INFO - Thread-1 - scanReceiver: Received vol 33
04-27 12:37:49 - DEBUG - MainThread - pynealPreprocessing: preprocessed vol: 33
04-27 12:37:49 - INFO - MainThread - pynealAnalysis: analyzed vol: 33
04-27 12:37:49 - DEBUG - MainThread - resultsServer: vol 33 - {'average': 1214.6900000000001} added to resultsServer
04-27 12:37:51 - INFO - Thread-1 - scanReceiver: Received vol 34
04-27 12:37:52 - DEBUG - MainThread - pynealPreprocessing: preprocessed vol: 34
04-27 12:37:52 - INFO - MainThread - pynealAnalysis: analyzed vol: 34
04-27 12:37:52 - DEBUG - MainThread - resultsServer: vol 34 - {'average': 1220.1400000000001} added to resultsServer
04-27 12:37:53 - INFO - Thread-1 - scanReceiver: Received vol 35
04-27 12:37:54 - DEBUG - MainThread - pynealPreprocessing: preprocessed vol: 35
04-27 12:37:54 - INFO - MainThread - pynealAnalysis: analyzed vol: 35
04-27 12:37:54 - DEBUG - MainThread - resultsServer: vol 35 - {'average': 1215.3} added to resultsServer
04-27 12:37:55 - INFO - Thread-1 - scanReceiver: Received vol 36
04-27 12:37:56 - DEBUG - MainThread - pynealPreprocessing: preprocessed vol: 36
04-27 12:37:56 - INFO - MainThread - pynealAnalysis: analyzed vol: 36
04-27 12:37:56 - DEBUG - MainThread - resultsServer: vol 36 - {'average': 1215.5} added to resultsServer
04-27 12:37:56 - INFO - Thread-1 - scanReceiver: Received vol 37
04-27 12:37:57 - DEBUG - MainThread - pynealPreprocessing: preprocessed vol: 37
04-27 12:37:57 - INFO - MainThread - pynealAnalysis: analyzed vol: 37
04-27 12:37:57 - DEBUG - MainThread - resultsServer: vol 37 - {'average': 1203.05} added to resultsServer
04-27 12:37:58 - INFO - Thread-1 - scanReceiver: Received vol 38
04-27 12:37:59 - DEBUG - MainThread - pynealPreprocessing: preprocessed vol: 38
04-27 12:37:59 - INFO - MainThread - pynealAnalysis: analyzed vol: 38
04-27 12:37:59 - DEBUG - MainThread - resultsServer: vol 38 - {'average': 1205.1300000000001} added to resultsServer
04-27 12:38:00 - INFO - Thread-1 - scanReceiver: Received vol 39
04-27 12:38:01 - DEBUG - MainThread - pynealPreprocessing: preprocessed vol: 39
04-27 12:38:01 - INFO - MainThread - pynealAnalysis: analyzed vol: 39
04-27 12:38:01 - DEBUG - MainThread - resultsServer: vol 39 - {'average': 1205.1500000000001} added to resultsServer
04-27 12:38:02 - INFO - Thread-1 - scanReceiver: Received vol 40
04-27 12:38:03 - DEBUG - MainThread - pynealPreprocessing: preprocessed vol: 40
04-27 12:38:03 - INFO - MainThread - pynealAnalysis: analyzed vol: 40
04-27 12:38:03 - DEBUG - MainThread - resultsServer: vol 40 - {'average': 1203.1800000000001} added to resultsServer
04-27 12:38:04 - INFO - Thread-1 - scanReceiver: Received vol 41
04-27 12:38:05 - DEBUG - MainThread - pynealPreprocessing: preprocessed vol: 41
04-27 12:38:05 - INFO - MainThread - pynealAnalysis: analyzed vol: 41
04-27 12:38:05 - DEBUG - MainThread - resultsServer: vol 41 - {'average': 1213.28} added to resultsServer
04-27 12:38:06 - INFO - Thread-1 - scanReceiver: Received vol 42
04-27 12:38:07 - DEBUG - MainThread - pynealPreprocessing: preprocessed vol: 42
04-27 12:38:07 - INFO - MainThread - pynealAnalysis: analyzed vol: 42
04-27 12:38:07 - DEBUG - MainThread - resultsServer: vol 42 - {'average': 1205.1700000000001} added to resultsServer
04-27 12:38:08 - INFO - Thread-1 - scanReceiver: Received vol 43
04-27 12:38:09 - DEBUG - MainThread - pynealPreprocessing: preprocessed vol: 43
04-27 12:38:09 - INFO - MainThread - pynealAnalysis: analyzed vol: 43
04-27 12:38:09 - DEBUG - MainThread - resultsServer: vol 43 - {'average': 1211.0899999999999} added to resultsServer
04-27 12:38:11 - INFO - Thread-1 - scanReceiver: Received vol 44
04-27 12:38:11 - DEBUG - MainThread - pynealPreprocessing: preprocessed vol: 44
04-27 12:38:11 - INFO - MainThread - pynealAnalysis: analyzed vol: 44
04-27 12:38:11 - DEBUG - MainThread - resultsServer: vol 44 - {'average': 1214.8800000000001} added to resultsServer
04-27 12:38:12 - INFO - Thread-1 - scanReceiver: Received vol 45
04-27 12:38:13 - DEBUG - MainThread - pynealPreprocessing: preprocessed vol: 45
04-27 12:38:13 - INFO - MainThread - pynealAnalysis: analyzed vol: 45
04-27 12:38:13 - DEBUG - MainThread - resultsServer: vol 45 - {'average': 1230.4400000000001} added to resultsServer
04-27 12:38:15 - INFO - Thread-1 - scanReceiver: Received vol 46
04-27 12:38:15 - DEBUG - MainThread - pynealPreprocessing: preprocessed vol: 46
04-27 12:38:15 - INFO - MainThread - pynealAnalysis: analyzed vol: 46
04-27 12:38:15 - DEBUG - MainThread - resultsServer: vol 46 - {'average': 1209.0999999999999} added to resultsServer
04-27 12:38:17 - INFO - Thread-1 - scanReceiver: Received vol 47
04-27 12:38:18 - DEBUG - MainThread - pynealPreprocessing: preprocessed vol: 47
04-27 12:38:18 - INFO - MainThread - pynealAnalysis: analyzed vol: 47
04-27 12:38:18 - DEBUG - MainThread - resultsServer: vol 47 - {'average': 1209.52} added to resultsServer
04-27 12:38:19 - INFO - Thread-1 - scanReceiver: Received vol 48
04-27 12:38:20 - DEBUG - MainThread - pynealPreprocessing: preprocessed vol: 48
04-27 12:38:20 - INFO - MainThread - pynealAnalysis: analyzed vol: 48
04-27 12:38:20 - DEBUG - MainThread - resultsServer: vol 48 - {'average': 1217.1199999999999} added to resultsServer
04-27 12:38:21 - INFO - Thread-1 - scanReceiver: Received vol 49
04-27 12:38:22 - DEBUG - MainThread - pynealPreprocessing: preprocessed vol: 49
04-27 12:38:22 - INFO - MainThread - pynealAnalysis: analyzed vol: 49
04-27 12:38:22 - DEBUG - MainThread - resultsServer: vol 49 - {'average': 1216.0799999999999} added to resultsServer
04-27 12:38:23 - INFO - Thread-1 - scanReceiver: Received vol 50
04-27 12:38:24 - DEBUG - MainThread - pynealPreprocessing: preprocessed vol: 50
04-27 12:38:24 - INFO - MainThread - pynealAnalysis: analyzed vol: 50
04-27 12:38:24 - DEBUG - MainThread - resultsServer: vol 50 - {'average': 1217.4000000000001} added to resultsServer
04-27 12:38:25 - INFO - Thread-1 - scanReceiver: Received vol 51
04-27 12:38:26 - DEBUG - MainThread - pynealPreprocessing: preprocessed vol: 51
04-27 12:38:26 - INFO - MainThread - pynealAnalysis: analyzed vol: 51
04-27 12:38:26 - DEBUG - MainThread - resultsServer: vol 51 - {'average': 1213.1400000000001} added to resultsServer
04-27 12:38:27 - INFO - Thread-1 - scanReceiver: Received vol 52
04-27 12:38:28 - DEBUG - MainThread - pynealPreprocessing: preprocessed vol: 52
04-27 12:38:28 - INFO - MainThread - pynealAnalysis: analyzed vol: 52
04-27 12:38:28 - DEBUG - MainThread - resultsServer: vol 52 - {'average': 1238.3299999999999} added to resultsServer
04-27 12:38:29 - INFO - Thread-1 - scanReceiver: Received vol 53
04-27 12:38:30 - DEBUG - MainThread - pynealPreprocessing: preprocessed vol: 53
04-27 12:38:30 - INFO - MainThread - pynealAnalysis: analyzed vol: 53
04-27 12:38:30 - DEBUG - MainThread - resultsServer: vol 53 - {'average': 1207.48} added to resultsServer
04-27 12:38:31 - INFO - Thread-1 - scanReceiver: Received vol 54
04-27 12:38:32 - DEBUG - MainThread - pynealPreprocessing: preprocessed vol: 54
04-27 12:38:32 - INFO - MainThread - pynealAnalysis: analyzed vol: 54
04-27 12:38:32 - DEBUG - MainThread - resultsServer: vol 54 - {'average': 1211.6400000000001} added to resultsServer
04-27 12:38:32 - INFO - Thread-1 - scanReceiver: Received vol 55
04-27 12:38:33 - DEBUG - MainThread - pynealPreprocessing: preprocessed vol: 55
04-27 12:38:33 - INFO - MainThread - pynealAnalysis: analyzed vol: 55
04-27 12:38:33 - DEBUG - MainThread - resultsServer: vol 55 - {'average': 1212.0799999999999} added to resultsServer
04-27 12:38:34 - INFO - Thread-1 - scanReceiver: Received vol 56
04-27 12:38:35 - DEBUG - MainThread - pynealPreprocessing: preprocessed vol: 56
04-27 12:38:35 - INFO - MainThread - pynealAnalysis: analyzed vol: 56
04-27 12:38:35 - DEBUG - MainThread - resultsServer: vol 56 - {'average': 1208.5799999999999} added to resultsServer
04-27 12:38:36 - INFO - Thread-1 - scanReceiver: Received vol 57
04-27 12:38:38 - DEBUG - MainThread - pynealPreprocessing: preprocessed vol: 57
04-27 12:38:38 - INFO - MainThread - pynealAnalysis: analyzed vol: 57
04-27 12:38:38 - DEBUG - MainThread - resultsServer: vol 57 - {'average': 1225.6600000000001} added to resultsServer
04-27 12:38:38 - INFO - Thread-1 - scanReceiver: Received vol 58
04-27 12:38:39 - DEBUG - MainThread - pynealPreprocessing: preprocessed vol: 58
04-27 12:38:39 - INFO - MainThread - pynealAnalysis: analyzed vol: 58
04-27 12:38:39 - DEBUG - MainThread - resultsServer: vol 58 - {'average': 1222.5799999999999} added to resultsServer
04-27 12:38:40 - INFO - Thread-1 - scanReceiver: Received vol 59
04-27 12:38:41 - DEBUG - MainThread - pynealPreprocessing: preprocessed vol: 59
04-27 12:38:41 - INFO - MainThread - pynealAnalysis: analyzed vol: 59
04-27 12:38:41 - DEBUG - MainThread - resultsServer: vol 59 - {'average': 1231.21} added to resultsServer
04-27 12:38:43 - INFO - Thread-1 - scanReceiver: Received vol 60
04-27 12:38:44 - DEBUG - MainThread - pynealPreprocessing: preprocessed vol: 60
04-27 12:38:44 - INFO - MainThread - pynealAnalysis: analyzed vol: 60
04-27 12:38:44 - DEBUG - MainThread - resultsServer: vol 60 - {'average': 1220.8} added to resultsServer
04-27 12:38:44 - INFO - Thread-1 - scanReceiver: Received vol 61
04-27 12:38:45 - DEBUG - MainThread - pynealPreprocessing: preprocessed vol: 61
04-27 12:38:45 - INFO - MainThread - pynealAnalysis: analyzed vol: 61
04-27 12:38:45 - DEBUG - MainThread - resultsServer: vol 61 - {'average': 1217.51} added to resultsServer
04-27 12:38:47 - INFO - Thread-1 - scanReceiver: Received vol 62
04-27 12:38:47 - DEBUG - MainThread - pynealPreprocessing: preprocessed vol: 62
04-27 12:38:47 - INFO - MainThread - pynealAnalysis: analyzed vol: 62
04-27 12:38:47 - DEBUG - MainThread - resultsServer: vol 62 - {'average': 1255.03} added to resultsServer
04-27 12:38:49 - INFO - Thread-1 - scanReceiver: Received vol 63
04-27 12:38:49 - DEBUG - MainThread - pynealPreprocessing: preprocessed vol: 63
04-27 12:38:50 - INFO - MainThread - pynealAnalysis: analyzed vol: 63
04-27 12:38:50 - DEBUG - MainThread - resultsServer: vol 63 - {'average': 1219.0799999999999} added to resultsServer
04-27 12:38:51 - INFO - Thread-1 - scanReceiver: Received vol 64
04-27 12:38:52 - DEBUG - MainThread - pynealPreprocessing: preprocessed vol: 64
04-27 12:38:52 - INFO - MainThread - pynealAnalysis: analyzed vol: 64
04-27 12:38:52 - DEBUG - MainThread - resultsServer: vol 64 - {'average': 1211.8099999999999} added to resultsServer
04-27 12:38:53 - INFO - Thread-1 - scanReceiver: Received vol 65
04-27 12:38:53 - DEBUG - MainThread - pynealPreprocessing: preprocessed vol: 65
04-27 12:38:53 - INFO - MainThread - pynealAnalysis: analyzed vol: 65
04-27 12:38:53 - DEBUG - MainThread - resultsServer: vol 65 - {'average': 1217.76} added to resultsServer
04-27 12:38:55 - INFO - Thread-1 - scanReceiver: Received vol 66
04-27 12:38:56 - DEBUG - MainThread - pynealPreprocessing: preprocessed vol: 66
04-27 12:38:56 - INFO - MainThread - pynealAnalysis: analyzed vol: 66
04-27 12:38:56 - DEBUG - MainThread - resultsServer: vol 66 - {'average': 1212.5699999999999} added to resultsServer
04-27 12:38:57 - INFO - Thread-1 - scanReceiver: Received vol 67
04-27 12:38:57 - DEBUG - MainThread - pynealPreprocessing: preprocessed vol: 67
04-27 12:38:57 - INFO - MainThread - pynealAnalysis: analyzed vol: 67
04-27 12:38:57 - DEBUG - MainThread - resultsServer: vol 67 - {'average': 1210.9100000000001} added to resultsServer
04-27 12:38:59 - INFO - Thread-1 - scanReceiver: Received vol 68
04-27 12:39:00 - DEBUG - MainThread - pynealPreprocessing: preprocessed vol: 68
04-27 12:39:00 - INFO - MainThread - pynealAnalysis: analyzed vol: 68
04-27 12:39:00 - DEBUG - MainThread - resultsServer: vol 68 - {'average': 1214.4000000000001} added to resultsServer
04-27 12:39:01 - INFO - Thread-1 - scanReceiver: Received vol 69
04-27 12:39:01 - DEBUG - MainThread - pynealPreprocessing: preprocessed vol: 69
04-27 12:39:01 - INFO - MainThread - pynealAnalysis: analyzed vol: 69
04-27 12:39:01 - DEBUG - MainThread - resultsServer: vol 69 - {'average': 1228.99} added to resultsServer
04-27 12:39:03 - INFO - Thread-1 - scanReceiver: Received vol 70
04-27 12:39:04 - DEBUG - MainThread - pynealPreprocessing: preprocessed vol: 70
04-27 12:39:04 - INFO - MainThread - pynealAnalysis: analyzed vol: 70
04-27 12:39:04 - DEBUG - MainThread - resultsServer: vol 70 - {'average': 1219.8} added to resultsServer
04-27 12:39:05 - INFO - Thread-1 - scanReceiver: Received vol 71
04-27 12:39:06 - DEBUG - MainThread - pynealPreprocessing: preprocessed vol: 71
04-27 12:39:06 - INFO - MainThread - pynealAnalysis: analyzed vol: 71
04-27 12:39:06 - DEBUG - MainThread - resultsServer: vol 71 - {'average': 1228.8900000000001} added to resultsServer
04-27 12:39:06 - INFO - Thread-1 - scanReceiver: Received vol 72
04-27 12:39:07 - DEBUG - MainThread - pynealPreprocessing: preprocessed vol: 72
04-27 12:39:07 - INFO - MainThread - pynealAnalysis: analyzed vol: 72
04-27 12:39:07 - DEBUG - MainThread - resultsServer: vol 72 - {'average': 1237.72} added to resultsServer
04-27 12:39:08 - INFO - Thread-1 - scanReceiver: Received vol 73
04-27 12:39:09 - DEBUG - MainThread - pynealPreprocessing: preprocessed vol: 73
04-27 12:39:09 - INFO - MainThread - pynealAnalysis: analyzed vol: 73
04-27 12:39:09 - DEBUG - MainThread - resultsServer: vol 73 - {'average': 1210.0999999999999} added to resultsServer
04-27 12:39:10 - INFO - Thread-1 - scanReceiver: Received vol 74
04-27 12:39:11 - DEBUG - MainThread - pynealPreprocessing: preprocessed vol: 74
04-27 12:39:11 - INFO - MainThread - pynealAnalysis: analyzed vol: 74
04-27 12:39:11 - DEBUG - MainThread - resultsServer: vol 74 - {'average': 1225.97} added to resultsServer
04-27 12:39:12 - INFO - Thread-1 - scanReceiver: Received vol 75
04-27 12:39:13 - DEBUG - MainThread - pynealPreprocessing: preprocessed vol: 75
04-27 12:39:13 - INFO - MainThread - pynealAnalysis: analyzed vol: 75
04-27 12:39:13 - DEBUG - MainThread - resultsServer: vol 75 - {'average': 1220.3299999999999} added to resultsServer
04-27 12:39:14 - INFO - Thread-1 - scanReceiver: Received vol 76
04-27 12:39:16 - DEBUG - MainThread - pynealPreprocessing: preprocessed vol: 76
04-27 12:39:16 - INFO - MainThread - pynealAnalysis: analyzed vol: 76
04-27 12:39:16 - DEBUG - MainThread - resultsServer: vol 76 - {'average': 1227.29} added to resultsServer
04-27 12:39:17 - INFO - Thread-1 - scanReceiver: Received vol 77
04-27 12:39:18 - DEBUG - MainThread - pynealPreprocessing: preprocessed vol: 77
04-27 12:39:18 - INFO - MainThread - pynealAnalysis: analyzed vol: 77
04-27 12:39:18 - DEBUG - MainThread - resultsServer: vol 77 - {'average': 1255.2} added to resultsServer
04-27 12:39:18 - INFO - Thread-1 - scanReceiver: Received vol 78
04-27 12:39:19 - DEBUG - MainThread - pynealPreprocessing: preprocessed vol: 78
04-27 12:39:19 - INFO - MainThread - pynealAnalysis: analyzed vol: 78
04-27 12:39:19 - DEBUG - MainThread - resultsServer: vol 78 - {'average': 1214.8699999999999} added to resultsServer
04-27 12:39:21 - INFO - Thread-1 - scanReceiver: Received vol 79
04-27 12:39:22 - DEBUG - MainThread - pynealPreprocessing: preprocessed vol: 79
04-27 12:39:22 - INFO - MainThread - pynealAnalysis: analyzed vol: 79
04-27 12:39:22 - DEBUG - MainThread - resultsServer: vol 79 - {'average': 1214.6400000000001} added to resultsServer
04-27 12:39:23 - INFO - Thread-1 - scanReceiver: Received vol 80
04-27 12:39:24 - DEBUG - MainThread - pynealPreprocessing: preprocessed vol: 80
04-27 12:39:24 - INFO - MainThread - pynealAnalysis: analyzed vol: 80
04-27 12:39:24 - DEBUG - MainThread - resultsServer: vol 80 - {'average': 1225.8699999999999} added to resultsServer
04-27 12:39:25 - INFO - Thread-1 - scanReceiver: Received vol 81
04-27 12:39:26 - DEBUG - MainThread - pynealPreprocessing: preprocessed vol: 81
04-27 12:39:26 - INFO - MainThread - pynealAnalysis: analyzed vol: 81
04-27 12:39:26 - DEBUG - MainThread - resultsServer: vol 81 - {'average': 1219.1700000000001} added to resultsServer
04-27 12:39:27 - INFO - Thread-1 - scanReceiver: Received vol 82
04-27 12:39:28 - DEBUG - MainThread - pynealPreprocessing: preprocessed vol: 82
04-27 12:39:28 - INFO - MainThread - pynealAnalysis: analyzed vol: 82
04-27 12:39:28 - DEBUG - MainThread - resultsServer: vol 82 - {'average': 1216.1199999999999} added to resultsServer
04-27 12:39:29 - INFO - Thread-1 - scanReceiver: Received vol 83
04-27 12:39:29 - DEBUG - MainThread - pynealPreprocessing: preprocessed vol: 83
04-27 12:39:29 - INFO - MainThread - pynealAnalysis: analyzed vol: 83
04-27 12:39:29 - DEBUG - MainThread - resultsServer: vol 83 - {'average': 1221.53} added to resultsServer
04-27 12:39:31 - INFO - Thread-1 - scanReceiver: Received vol 84
04-27 12:39:32 - DEBUG - MainThread - pynealPreprocessing: preprocessed vol: 84
04-27 12:39:32 - INFO - MainThread - pynealAnalysis: analyzed vol: 84
04-27 12:39:32 - DEBUG - MainThread - resultsServer: vol 84 - {'average': 1222.75} added to resultsServer
04-27 12:39:33 - INFO - Thread-1 - scanReceiver: Received vol 85
04-27 12:39:34 - DEBUG - MainThread - pynealPreprocessing: preprocessed vol: 85
04-27 12:39:34 - INFO - MainThread - pynealAnalysis: analyzed vol: 85
04-27 12:39:34 - DEBUG - MainThread - resultsServer: vol 85 - {'average': 1223.53} added to resultsServer
04-27 12:39:35 - INFO - Thread-1 - scanReceiver: Received vol 86
04-27 12:39:36 - DEBUG - MainThread - pynealPreprocessing: preprocessed vol: 86
04-27 12:39:36 - INFO - MainThread - pynealAnalysis: analyzed vol: 86
04-27 12:39:36 - DEBUG - MainThread - resultsServer: vol 86 - {'average': 1221.4200000000001} added to resultsServer
04-27 12:39:37 - INFO - Thread-1 - scanReceiver: Received vol 87
04-27 12:39:38 - DEBUG - MainThread - pynealPreprocessing: preprocessed vol: 87
04-27 12:39:38 - INFO - MainThread - pynealAnalysis: analyzed vol: 87
04-27 12:39:38 - DEBUG - MainThread - resultsServer: vol 87 - {'average': 1227.8499999999999} added to resultsServer
04-27 12:39:38 - INFO - Thread-1 - scanReceiver: Received vol 88
04-27 12:39:39 - DEBUG - MainThread - pynealPreprocessing: preprocessed vol: 88
04-27 12:39:39 - INFO - MainThread - pynealAnalysis: analyzed vol: 88
04-27 12:39:39 - DEBUG - MainThread - resultsServer: vol 88 - {'average': 1225.6900000000001} added to resultsServer
04-27 12:39:40 - INFO - Thread-1 - scanReceiver: Received vol 89
04-27 12:39:41 - DEBUG - MainThread - pynealPreprocessing: preprocessed vol: 89
04-27 12:39:41 - INFO - MainThread - pynealAnalysis: analyzed vol: 89
04-27 12:39:41 - DEBUG - MainThread - resultsServer: vol 89 - {'average': 1243.4100000000001} added to resultsServer
04-27 12:39:42 - INFO - Thread-1 - scanReceiver: Received vol 90
04-27 12:39:43 - DEBUG - MainThread - pynealPreprocessing: preprocessed vol: 90
04-27 12:39:43 - INFO - MainThread - pynealAnalysis: analyzed vol: 90
04-27 12:39:43 - DEBUG - MainThread - resultsServer: vol 90 - {'average': 1223.2} added to resultsServer
04-27 12:39:45 - INFO - Thread-1 - scanReceiver: Received vol 91
04-27 12:39:45 - DEBUG - MainThread - pynealPreprocessing: preprocessed vol: 91
04-27 12:39:45 - INFO - MainThread - pynealAnalysis: analyzed vol: 91
04-27 12:39:45 - DEBUG - MainThread - resultsServer: vol 91 - {'average': 1236.6800000000001} added to resultsServer
04-27 12:39:46 - INFO - Thread-1 - scanReceiver: Received vol 92
04-27 12:39:47 - DEBUG - MainThread - pynealPreprocessing: preprocessed vol: 92
04-27 12:39:47 - INFO - MainThread - pynealAnalysis: analyzed vol: 92
04-27 12:39:47 - DEBUG - MainThread - resultsServer: vol 92 - {'average': 1215.25} added to resultsServer
